<?xml version="1.0" encoding="UTF-8"?>
<testng-results ignored="0" total="3" passed="3" failed="0" skipped="0">
  <reporter-output>
  </reporter-output>
  <suite started-at="2024-04-12T19:14:20 IST" name="Default suite" finished-at="2024-04-12T19:14:20 IST" duration-ms="134">
    <groups>
    </groups>
    <test started-at="2024-04-12T19:14:20 IST" name="Default test" finished-at="2024-04-12T19:14:20 IST" duration-ms="134">
      <class name="Final.Final.CalculatorTest">
        <test-method signature="testAddition()[pri:0, instance:Final.Final.CalculatorTest@9f116cc]" started-at="2024-04-12T19:14:20 IST" name="testAddition" finished-at="2024-04-12T19:14:20 IST" duration-ms="23" status="PASS">
          <reporter-output>
          </reporter-output>
        </test-method> <!-- testAddition -->
        <test-method signature="testMultiplication()[pri:0, instance:Final.Final.CalculatorTest@9f116cc]" started-at="2024-04-12T19:14:20 IST" name="testMultiplication" finished-at="2024-04-12T19:14:20 IST" duration-ms="2" status="PASS">
          <reporter-output>
          </reporter-output>
        </test-method> <!-- testMultiplication -->
        <test-method signature="testSubtraction()[pri:0, instance:Final.Final.CalculatorTest@9f116cc]" started-at="2024-04-12T19:14:20 IST" name="testSubtraction" finished-at="2024-04-12T19:14:20 IST" duration-ms="2" status="PASS">
          <reporter-output>
          </reporter-output>
        </test-method> <!-- testSubtraction -->
      </class> <!-- Final.Final.CalculatorTest -->
    </test> <!-- Default test -->
  </suite> <!-- Default suite -->
</testng-results>
