<?xml version="1.0" encoding="UTF-8"?>
<!-- Generated by org.testng.reporters.JUnitXMLReporter -->
<testsuite ignored="0" hostname="jagruthi" failures="0" tests="3" name="Default test" time="0.134" errors="0" timestamp="2024-04-12T19:14:20 IST">
  <testcase classname="Final.Final.CalculatorTest" name="testAddition" time="0.023"/>
  <testcase classname="Final.Final.CalculatorTest" name="testMultiplication" time="0.002"/>
  <testcase classname="Final.Final.CalculatorTest" name="testSubtraction" time="0.002"/>
</testsuite> <!-- Default test -->
